[2025-03-10T23:42:48.908+0100] {manager.py:483} INFO - Processing files using up to 2 processes at a time 
[2025-03-10T23:42:48.909+0100] {manager.py:484} INFO - Process each file at most once every 30 seconds
[2025-03-10T23:42:48.909+0100] {manager.py:485} INFO - Checking for new files in /home/ubuntu/airflow/dags every 300 seconds
[2025-03-10T23:42:48.909+0100] {manager.py:821} INFO - Searching for files in /home/ubuntu/airflow/dags
[2025-03-10T23:42:48.910+0100] {manager.py:824} INFO - There are 0 files in /home/ubuntu/airflow/dags
[2025-03-10T23:42:52.301+0100] {manager.py:465} INFO - Exiting gracefully upon receiving signal 15
[2025-03-10T23:52:12.879+0100] {manager.py:483} INFO - Processing files using up to 2 processes at a time 
[2025-03-10T23:52:12.882+0100] {manager.py:484} INFO - Process each file at most once every 30 seconds
[2025-03-10T23:52:12.882+0100] {manager.py:485} INFO - Checking for new files in /home/ubuntu/airflow/dags every 300 seconds
[2025-03-10T23:52:12.883+0100] {manager.py:821} INFO - Searching for files in /home/ubuntu/airflow/dags
[2025-03-10T23:52:12.883+0100] {manager.py:824} INFO - There are 0 files in /home/ubuntu/airflow/dags
[2025-03-10T23:57:13.270+0100] {manager.py:821} INFO - Searching for files in /home/ubuntu/airflow/dags
[2025-03-10T23:57:13.273+0100] {manager.py:824} INFO - There are 0 files in /home/ubuntu/airflow/dags
[2025-03-11T00:02:13.621+0100] {manager.py:821} INFO - Searching for files in /home/ubuntu/airflow/dags
[2025-03-11T00:02:13.622+0100] {manager.py:824} INFO - There are 0 files in /home/ubuntu/airflow/dags
[2025-03-11T00:07:13.968+0100] {manager.py:821} INFO - Searching for files in /home/ubuntu/airflow/dags
[2025-03-11T00:07:13.970+0100] {manager.py:824} INFO - There are 0 files in /home/ubuntu/airflow/dags
[2025-03-11T00:12:14.003+0100] {manager.py:821} INFO - Searching for files in /home/ubuntu/airflow/dags
[2025-03-11T00:12:14.005+0100] {manager.py:824} INFO - There are 0 files in /home/ubuntu/airflow/dags
[2025-03-11T00:17:14.952+0100] {manager.py:821} INFO - Searching for files in /home/ubuntu/airflow/dags
[2025-03-11T00:17:14.954+0100] {manager.py:824} INFO - There are 0 files in /home/ubuntu/airflow/dags
[2025-03-11T00:22:15.042+0100] {manager.py:821} INFO - Searching for files in /home/ubuntu/airflow/dags
[2025-03-11T00:22:15.044+0100] {manager.py:824} INFO - There are 0 files in /home/ubuntu/airflow/dags
[2025-03-11T00:27:15.261+0100] {manager.py:821} INFO - Searching for files in /home/ubuntu/airflow/dags
[2025-03-11T00:27:15.263+0100] {manager.py:824} INFO - There are 0 files in /home/ubuntu/airflow/dags
[2025-03-11T00:32:15.509+0100] {manager.py:821} INFO - Searching for files in /home/ubuntu/airflow/dags
[2025-03-11T00:32:15.513+0100] {manager.py:824} INFO - There are 0 files in /home/ubuntu/airflow/dags
[2025-03-11T00:37:15.598+0100] {manager.py:821} INFO - Searching for files in /home/ubuntu/airflow/dags
[2025-03-11T00:37:15.599+0100] {manager.py:824} INFO - There are 0 files in /home/ubuntu/airflow/dags
[2025-03-11T00:42:16.094+0100] {manager.py:821} INFO - Searching for files in /home/ubuntu/airflow/dags
[2025-03-11T00:42:16.096+0100] {manager.py:824} INFO - There are 0 files in /home/ubuntu/airflow/dags
[2025-03-11T00:47:16.129+0100] {manager.py:821} INFO - Searching for files in /home/ubuntu/airflow/dags
[2025-03-11T00:47:16.132+0100] {manager.py:824} INFO - There are 0 files in /home/ubuntu/airflow/dags
[2025-03-11T00:52:16.669+0100] {manager.py:821} INFO - Searching for files in /home/ubuntu/airflow/dags
[2025-03-11T00:52:16.686+0100] {manager.py:824} INFO - There are 0 files in /home/ubuntu/airflow/dags
[2025-03-11T00:57:16.908+0100] {manager.py:821} INFO - Searching for files in /home/ubuntu/airflow/dags
[2025-03-11T00:57:16.910+0100] {manager.py:824} INFO - There are 0 files in /home/ubuntu/airflow/dags
[2025-03-11T01:02:17.868+0100] {manager.py:821} INFO - Searching for files in /home/ubuntu/airflow/dags
[2025-03-11T01:02:17.873+0100] {manager.py:824} INFO - There are 0 files in /home/ubuntu/airflow/dags
[2025-03-11T01:07:18.005+0100] {manager.py:821} INFO - Searching for files in /home/ubuntu/airflow/dags
[2025-03-11T01:07:18.015+0100] {manager.py:824} INFO - There are 0 files in /home/ubuntu/airflow/dags
[2025-03-11T01:12:18.049+0100] {manager.py:821} INFO - Searching for files in /home/ubuntu/airflow/dags
[2025-03-11T01:12:18.051+0100] {manager.py:824} INFO - There are 0 files in /home/ubuntu/airflow/dags
[2025-03-11T01:17:18.354+0100] {manager.py:821} INFO - Searching for files in /home/ubuntu/airflow/dags
[2025-03-11T01:17:18.356+0100] {manager.py:824} INFO - There are 0 files in /home/ubuntu/airflow/dags
[2025-03-11T01:22:18.642+0100] {manager.py:821} INFO - Searching for files in /home/ubuntu/airflow/dags
[2025-03-11T01:22:18.648+0100] {manager.py:824} INFO - There are 0 files in /home/ubuntu/airflow/dags
[2025-03-11T01:27:18.760+0100] {manager.py:821} INFO - Searching for files in /home/ubuntu/airflow/dags
[2025-03-11T01:27:18.762+0100] {manager.py:824} INFO - There are 0 files in /home/ubuntu/airflow/dags
[2025-03-11T01:32:19.513+0100] {manager.py:821} INFO - Searching for files in /home/ubuntu/airflow/dags
[2025-03-11T01:32:19.515+0100] {manager.py:824} INFO - There are 0 files in /home/ubuntu/airflow/dags
[2025-03-11T01:37:20.343+0100] {manager.py:821} INFO - Searching for files in /home/ubuntu/airflow/dags
[2025-03-11T01:37:20.345+0100] {manager.py:824} INFO - There are 0 files in /home/ubuntu/airflow/dags
[2025-03-11T01:42:21.330+0100] {manager.py:821} INFO - Searching for files in /home/ubuntu/airflow/dags
[2025-03-11T01:42:21.337+0100] {manager.py:824} INFO - There are 0 files in /home/ubuntu/airflow/dags
[2025-03-11T01:47:22.229+0100] {manager.py:821} INFO - Searching for files in /home/ubuntu/airflow/dags
[2025-03-11T01:47:22.231+0100] {manager.py:824} INFO - There are 0 files in /home/ubuntu/airflow/dags
[2025-03-11T10:14:02.493+0100] {manager.py:821} INFO - Searching for files in /home/ubuntu/airflow/dags
[2025-03-11T10:14:02.504+0100] {manager.py:824} INFO - There are 0 files in /home/ubuntu/airflow/dags
[2025-03-11T10:19:02.631+0100] {manager.py:821} INFO - Searching for files in /home/ubuntu/airflow/dags
[2025-03-11T10:19:02.632+0100] {manager.py:824} INFO - There are 0 files in /home/ubuntu/airflow/dags
[2025-03-11T10:24:02.703+0100] {manager.py:821} INFO - Searching for files in /home/ubuntu/airflow/dags
[2025-03-11T10:24:02.704+0100] {manager.py:824} INFO - There are 0 files in /home/ubuntu/airflow/dags
[2025-03-11T10:29:02.913+0100] {manager.py:821} INFO - Searching for files in /home/ubuntu/airflow/dags
[2025-03-11T10:29:02.914+0100] {manager.py:824} INFO - There are 0 files in /home/ubuntu/airflow/dags
[2025-03-11T10:34:03.246+0100] {manager.py:821} INFO - Searching for files in /home/ubuntu/airflow/dags
[2025-03-11T10:34:03.247+0100] {manager.py:824} INFO - There are 0 files in /home/ubuntu/airflow/dags
[2025-03-11T10:39:03.642+0100] {manager.py:821} INFO - Searching for files in /home/ubuntu/airflow/dags
[2025-03-11T10:39:03.642+0100] {manager.py:824} INFO - There are 0 files in /home/ubuntu/airflow/dags
[2025-03-11T10:44:04.174+0100] {manager.py:821} INFO - Searching for files in /home/ubuntu/airflow/dags
[2025-03-11T10:44:04.175+0100] {manager.py:824} INFO - There are 0 files in /home/ubuntu/airflow/dags
[2025-03-11T10:49:04.639+0100] {manager.py:821} INFO - Searching for files in /home/ubuntu/airflow/dags
[2025-03-11T10:49:04.641+0100] {manager.py:824} INFO - There are 0 files in /home/ubuntu/airflow/dags
[2025-03-11T10:54:05.031+0100] {manager.py:821} INFO - Searching for files in /home/ubuntu/airflow/dags
[2025-03-11T10:54:05.033+0100] {manager.py:824} INFO - There are 0 files in /home/ubuntu/airflow/dags
[2025-03-11T10:59:05.464+0100] {manager.py:821} INFO - Searching for files in /home/ubuntu/airflow/dags
[2025-03-11T10:59:05.465+0100] {manager.py:824} INFO - There are 0 files in /home/ubuntu/airflow/dags
[2025-03-11T11:04:05.807+0100] {manager.py:821} INFO - Searching for files in /home/ubuntu/airflow/dags
[2025-03-11T11:04:05.808+0100] {manager.py:824} INFO - There are 0 files in /home/ubuntu/airflow/dags
[2025-03-11T11:09:06.120+0100] {manager.py:821} INFO - Searching for files in /home/ubuntu/airflow/dags
[2025-03-11T11:09:06.121+0100] {manager.py:824} INFO - There are 0 files in /home/ubuntu/airflow/dags
[2025-03-11T11:14:06.304+0100] {manager.py:821} INFO - Searching for files in /home/ubuntu/airflow/dags
[2025-03-11T11:14:06.305+0100] {manager.py:824} INFO - There are 0 files in /home/ubuntu/airflow/dags
[2025-03-11T11:19:06.620+0100] {manager.py:821} INFO - Searching for files in /home/ubuntu/airflow/dags
[2025-03-11T11:19:06.621+0100] {manager.py:824} INFO - There are 0 files in /home/ubuntu/airflow/dags
[2025-03-11T11:24:07.584+0100] {manager.py:821} INFO - Searching for files in /home/ubuntu/airflow/dags
[2025-03-11T11:24:07.585+0100] {manager.py:824} INFO - There are 0 files in /home/ubuntu/airflow/dags
[2025-03-11T11:29:07.804+0100] {manager.py:821} INFO - Searching for files in /home/ubuntu/airflow/dags
[2025-03-11T11:29:07.806+0100] {manager.py:824} INFO - There are 0 files in /home/ubuntu/airflow/dags
[2025-03-11T11:34:08.027+0100] {manager.py:821} INFO - Searching for files in /home/ubuntu/airflow/dags
[2025-03-11T11:34:08.029+0100] {manager.py:824} INFO - There are 0 files in /home/ubuntu/airflow/dags
[2025-03-11T11:39:08.124+0100] {manager.py:821} INFO - Searching for files in /home/ubuntu/airflow/dags
[2025-03-11T11:39:08.126+0100] {manager.py:824} INFO - There are 0 files in /home/ubuntu/airflow/dags
[2025-03-11T11:44:08.390+0100] {manager.py:821} INFO - Searching for files in /home/ubuntu/airflow/dags
[2025-03-11T11:44:08.391+0100] {manager.py:824} INFO - There are 0 files in /home/ubuntu/airflow/dags
[2025-03-11T11:49:09.374+0100] {manager.py:821} INFO - Searching for files in /home/ubuntu/airflow/dags
[2025-03-11T11:49:09.375+0100] {manager.py:824} INFO - There are 0 files in /home/ubuntu/airflow/dags
[2025-03-11T11:54:10.001+0100] {manager.py:821} INFO - Searching for files in /home/ubuntu/airflow/dags
[2025-03-11T11:54:10.002+0100] {manager.py:824} INFO - There are 0 files in /home/ubuntu/airflow/dags
[2025-03-11T11:59:10.327+0100] {manager.py:821} INFO - Searching for files in /home/ubuntu/airflow/dags
[2025-03-11T11:59:10.328+0100] {manager.py:824} INFO - There are 0 files in /home/ubuntu/airflow/dags
[2025-03-11T12:04:11.231+0100] {manager.py:821} INFO - Searching for files in /home/ubuntu/airflow/dags
[2025-03-11T12:04:11.234+0100] {manager.py:824} INFO - There are 0 files in /home/ubuntu/airflow/dags
[2025-03-11T12:09:11.983+0100] {manager.py:821} INFO - Searching for files in /home/ubuntu/airflow/dags
[2025-03-11T12:09:11.985+0100] {manager.py:824} INFO - There are 0 files in /home/ubuntu/airflow/dags
[2025-03-11T12:14:12.505+0100] {manager.py:821} INFO - Searching for files in /home/ubuntu/airflow/dags
[2025-03-11T12:14:12.507+0100] {manager.py:824} INFO - There are 0 files in /home/ubuntu/airflow/dags
[2025-03-11T12:19:13.385+0100] {manager.py:821} INFO - Searching for files in /home/ubuntu/airflow/dags
[2025-03-11T12:19:13.385+0100] {manager.py:824} INFO - There are 0 files in /home/ubuntu/airflow/dags
[2025-03-11T12:24:14.190+0100] {manager.py:821} INFO - Searching for files in /home/ubuntu/airflow/dags
[2025-03-11T12:24:14.192+0100] {manager.py:824} INFO - There are 0 files in /home/ubuntu/airflow/dags
[2025-03-11T12:29:15.030+0100] {manager.py:821} INFO - Searching for files in /home/ubuntu/airflow/dags
[2025-03-11T12:29:15.032+0100] {manager.py:824} INFO - There are 0 files in /home/ubuntu/airflow/dags
[2025-03-11T12:34:15.924+0100] {manager.py:821} INFO - Searching for files in /home/ubuntu/airflow/dags
[2025-03-11T12:34:15.925+0100] {manager.py:824} INFO - There are 0 files in /home/ubuntu/airflow/dags
[2025-03-11T12:39:16.005+0100] {manager.py:821} INFO - Searching for files in /home/ubuntu/airflow/dags
[2025-03-11T12:39:16.007+0100] {manager.py:824} INFO - There are 0 files in /home/ubuntu/airflow/dags
[2025-03-11T12:44:17.004+0100] {manager.py:821} INFO - Searching for files in /home/ubuntu/airflow/dags
[2025-03-11T12:44:17.005+0100] {manager.py:824} INFO - There are 0 files in /home/ubuntu/airflow/dags
[2025-03-11T12:49:17.236+0100] {manager.py:821} INFO - Searching for files in /home/ubuntu/airflow/dags
[2025-03-11T12:49:17.237+0100] {manager.py:824} INFO - There are 0 files in /home/ubuntu/airflow/dags
[2025-03-11T12:54:17.439+0100] {manager.py:821} INFO - Searching for files in /home/ubuntu/airflow/dags
[2025-03-11T12:54:17.440+0100] {manager.py:824} INFO - There are 0 files in /home/ubuntu/airflow/dags
[2025-03-11T12:59:17.687+0100] {manager.py:821} INFO - Searching for files in /home/ubuntu/airflow/dags
[2025-03-11T12:59:17.689+0100] {manager.py:824} INFO - There are 0 files in /home/ubuntu/airflow/dags
[2025-03-11T13:04:18.359+0100] {manager.py:821} INFO - Searching for files in /home/ubuntu/airflow/dags
[2025-03-11T13:04:18.361+0100] {manager.py:824} INFO - There are 0 files in /home/ubuntu/airflow/dags
[2025-03-11T13:09:19.136+0100] {manager.py:821} INFO - Searching for files in /home/ubuntu/airflow/dags
[2025-03-11T13:09:19.137+0100] {manager.py:824} INFO - There are 0 files in /home/ubuntu/airflow/dags
[2025-03-11T13:14:20.073+0100] {manager.py:821} INFO - Searching for files in /home/ubuntu/airflow/dags
[2025-03-11T13:14:20.076+0100] {manager.py:824} INFO - There are 0 files in /home/ubuntu/airflow/dags
[2025-03-11T13:19:20.690+0100] {manager.py:821} INFO - Searching for files in /home/ubuntu/airflow/dags
[2025-03-11T13:19:20.692+0100] {manager.py:824} INFO - There are 0 files in /home/ubuntu/airflow/dags
[2025-03-11T13:24:21.344+0100] {manager.py:821} INFO - Searching for files in /home/ubuntu/airflow/dags
[2025-03-11T13:24:21.344+0100] {manager.py:824} INFO - There are 0 files in /home/ubuntu/airflow/dags
[2025-03-11T13:29:21.922+0100] {manager.py:821} INFO - Searching for files in /home/ubuntu/airflow/dags
[2025-03-11T13:29:21.924+0100] {manager.py:824} INFO - There are 0 files in /home/ubuntu/airflow/dags
[2025-03-11T13:34:22.813+0100] {manager.py:821} INFO - Searching for files in /home/ubuntu/airflow/dags
[2025-03-11T13:34:22.816+0100] {manager.py:824} INFO - There are 0 files in /home/ubuntu/airflow/dags
[2025-03-11T13:39:22.820+0100] {manager.py:821} INFO - Searching for files in /home/ubuntu/airflow/dags
[2025-03-11T13:39:22.822+0100] {manager.py:824} INFO - There are 0 files in /home/ubuntu/airflow/dags
[2025-03-11T13:44:22.843+0100] {manager.py:821} INFO - Searching for files in /home/ubuntu/airflow/dags
[2025-03-11T13:44:22.844+0100] {manager.py:824} INFO - There are 0 files in /home/ubuntu/airflow/dags
[2025-03-11T13:49:22.844+0100] {manager.py:821} INFO - Searching for files in /home/ubuntu/airflow/dags
[2025-03-11T13:49:22.845+0100] {manager.py:824} INFO - There are 0 files in /home/ubuntu/airflow/dags
[2025-03-11T13:54:23.832+0100] {manager.py:821} INFO - Searching for files in /home/ubuntu/airflow/dags
[2025-03-11T13:54:23.834+0100] {manager.py:824} INFO - There are 0 files in /home/ubuntu/airflow/dags
[2025-03-11T13:59:24.800+0100] {manager.py:821} INFO - Searching for files in /home/ubuntu/airflow/dags
[2025-03-11T13:59:24.802+0100] {manager.py:824} INFO - There are 0 files in /home/ubuntu/airflow/dags
[2025-03-11T14:04:25.649+0100] {manager.py:821} INFO - Searching for files in /home/ubuntu/airflow/dags
[2025-03-11T14:04:25.650+0100] {manager.py:824} INFO - There are 0 files in /home/ubuntu/airflow/dags
[2025-03-11T14:09:26.448+0100] {manager.py:821} INFO - Searching for files in /home/ubuntu/airflow/dags
[2025-03-11T14:09:26.449+0100] {manager.py:824} INFO - There are 0 files in /home/ubuntu/airflow/dags
[2025-03-11T14:14:27.261+0100] {manager.py:821} INFO - Searching for files in /home/ubuntu/airflow/dags
[2025-03-11T14:14:27.262+0100] {manager.py:824} INFO - There are 0 files in /home/ubuntu/airflow/dags
[2025-03-11T14:19:28.054+0100] {manager.py:821} INFO - Searching for files in /home/ubuntu/airflow/dags
[2025-03-11T14:19:28.056+0100] {manager.py:824} INFO - There are 0 files in /home/ubuntu/airflow/dags
[2025-03-11T14:24:28.970+0100] {manager.py:821} INFO - Searching for files in /home/ubuntu/airflow/dags
[2025-03-11T14:24:28.972+0100] {manager.py:824} INFO - There are 0 files in /home/ubuntu/airflow/dags
[2025-03-11T14:29:29.028+0100] {manager.py:821} INFO - Searching for files in /home/ubuntu/airflow/dags
[2025-03-11T14:29:29.030+0100] {manager.py:824} INFO - There are 0 files in /home/ubuntu/airflow/dags
[2025-03-11T14:34:29.069+0100] {manager.py:821} INFO - Searching for files in /home/ubuntu/airflow/dags
[2025-03-11T14:34:29.071+0100] {manager.py:824} INFO - There are 0 files in /home/ubuntu/airflow/dags
[2025-03-11T14:39:30.055+0100] {manager.py:821} INFO - Searching for files in /home/ubuntu/airflow/dags
[2025-03-11T14:39:30.057+0100] {manager.py:824} INFO - There are 0 files in /home/ubuntu/airflow/dags
[2025-03-11T14:44:30.142+0100] {manager.py:821} INFO - Searching for files in /home/ubuntu/airflow/dags
[2025-03-11T14:44:30.144+0100] {manager.py:824} INFO - There are 0 files in /home/ubuntu/airflow/dags
[2025-03-11T14:49:30.148+0100] {manager.py:821} INFO - Searching for files in /home/ubuntu/airflow/dags
[2025-03-11T14:49:30.149+0100] {manager.py:824} INFO - There are 0 files in /home/ubuntu/airflow/dags
[2025-03-11T14:54:30.149+0100] {manager.py:821} INFO - Searching for files in /home/ubuntu/airflow/dags
[2025-03-11T14:54:30.151+0100] {manager.py:824} INFO - There are 0 files in /home/ubuntu/airflow/dags
[2025-03-11T14:59:31.124+0100] {manager.py:821} INFO - Searching for files in /home/ubuntu/airflow/dags
[2025-03-11T14:59:31.129+0100] {manager.py:824} INFO - There are 0 files in /home/ubuntu/airflow/dags
[2025-03-11T15:04:32.124+0100] {manager.py:821} INFO - Searching for files in /home/ubuntu/airflow/dags
[2025-03-11T15:04:32.133+0100] {manager.py:824} INFO - There are 0 files in /home/ubuntu/airflow/dags
[2025-03-11T15:09:32.207+0100] {manager.py:821} INFO - Searching for files in /home/ubuntu/airflow/dags
[2025-03-11T15:09:32.209+0100] {manager.py:824} INFO - There are 0 files in /home/ubuntu/airflow/dags
[2025-03-11T15:14:32.209+0100] {manager.py:821} INFO - Searching for files in /home/ubuntu/airflow/dags
[2025-03-11T15:14:32.210+0100] {manager.py:824} INFO - There are 0 files in /home/ubuntu/airflow/dags
[2025-03-11T15:19:33.118+0100] {manager.py:821} INFO - Searching for files in /home/ubuntu/airflow/dags
[2025-03-11T15:19:33.121+0100] {manager.py:824} INFO - There are 0 files in /home/ubuntu/airflow/dags
[2025-03-11T15:24:33.992+0100] {manager.py:821} INFO - Searching for files in /home/ubuntu/airflow/dags
[2025-03-11T15:24:33.995+0100] {manager.py:824} INFO - There are 0 files in /home/ubuntu/airflow/dags
[2025-03-11T15:29:34.914+0100] {manager.py:821} INFO - Searching for files in /home/ubuntu/airflow/dags
[2025-03-11T15:29:34.915+0100] {manager.py:824} INFO - There are 0 files in /home/ubuntu/airflow/dags
[2025-03-11T15:34:35.879+0100] {manager.py:821} INFO - Searching for files in /home/ubuntu/airflow/dags
[2025-03-11T15:34:35.881+0100] {manager.py:824} INFO - There are 0 files in /home/ubuntu/airflow/dags
[2025-03-11T15:39:36.864+0100] {manager.py:821} INFO - Searching for files in /home/ubuntu/airflow/dags
[2025-03-11T15:39:36.865+0100] {manager.py:824} INFO - There are 0 files in /home/ubuntu/airflow/dags
[2025-03-11T15:44:37.719+0100] {manager.py:821} INFO - Searching for files in /home/ubuntu/airflow/dags
[2025-03-11T15:44:37.721+0100] {manager.py:824} INFO - There are 0 files in /home/ubuntu/airflow/dags
[2025-03-11T15:49:38.676+0100] {manager.py:821} INFO - Searching for files in /home/ubuntu/airflow/dags
[2025-03-11T15:49:38.678+0100] {manager.py:824} INFO - There are 0 files in /home/ubuntu/airflow/dags
[2025-03-11T15:54:38.909+0100] {manager.py:821} INFO - Searching for files in /home/ubuntu/airflow/dags
[2025-03-11T15:54:38.920+0100] {manager.py:824} INFO - There are 0 files in /home/ubuntu/airflow/dags
[2025-03-11T15:59:39.774+0100] {manager.py:821} INFO - Searching for files in /home/ubuntu/airflow/dags
[2025-03-11T15:59:39.776+0100] {manager.py:824} INFO - There are 0 files in /home/ubuntu/airflow/dags
[2025-03-11T16:04:40.759+0100] {manager.py:821} INFO - Searching for files in /home/ubuntu/airflow/dags
[2025-03-11T16:04:40.761+0100] {manager.py:824} INFO - There are 0 files in /home/ubuntu/airflow/dags
[2025-03-11T16:09:41.634+0100] {manager.py:821} INFO - Searching for files in /home/ubuntu/airflow/dags
[2025-03-11T16:09:41.636+0100] {manager.py:824} INFO - There are 0 files in /home/ubuntu/airflow/dags
[2025-03-11T16:14:42.583+0100] {manager.py:821} INFO - Searching for files in /home/ubuntu/airflow/dags
[2025-03-11T16:14:42.585+0100] {manager.py:824} INFO - There are 0 files in /home/ubuntu/airflow/dags
[2025-03-11T16:19:43.585+0100] {manager.py:821} INFO - Searching for files in /home/ubuntu/airflow/dags
[2025-03-11T16:19:43.590+0100] {manager.py:824} INFO - There are 0 files in /home/ubuntu/airflow/dags
[2025-03-11T16:24:44.476+0100] {manager.py:821} INFO - Searching for files in /home/ubuntu/airflow/dags
[2025-03-11T16:24:44.477+0100] {manager.py:824} INFO - There are 0 files in /home/ubuntu/airflow/dags
[2025-03-11T16:29:44.541+0100] {manager.py:821} INFO - Searching for files in /home/ubuntu/airflow/dags
[2025-03-11T16:29:44.543+0100] {manager.py:824} INFO - There are 0 files in /home/ubuntu/airflow/dags
[2025-03-11T16:34:45.411+0100] {manager.py:821} INFO - Searching for files in /home/ubuntu/airflow/dags
[2025-03-11T16:34:45.415+0100] {manager.py:824} INFO - There are 0 files in /home/ubuntu/airflow/dags
[2025-03-11T16:39:46.419+0100] {manager.py:821} INFO - Searching for files in /home/ubuntu/airflow/dags
[2025-03-11T16:39:46.423+0100] {manager.py:824} INFO - There are 0 files in /home/ubuntu/airflow/dags
[2025-03-11T16:44:46.420+0100] {manager.py:821} INFO - Searching for files in /home/ubuntu/airflow/dags
[2025-03-11T16:44:46.424+0100] {manager.py:824} INFO - There are 0 files in /home/ubuntu/airflow/dags
[2025-03-11T16:49:47.100+0100] {manager.py:821} INFO - Searching for files in /home/ubuntu/airflow/dags
[2025-03-11T16:49:47.106+0100] {manager.py:824} INFO - There are 0 files in /home/ubuntu/airflow/dags
[2025-03-11T16:54:47.677+0100] {manager.py:821} INFO - Searching for files in /home/ubuntu/airflow/dags
[2025-03-11T16:54:47.680+0100] {manager.py:824} INFO - There are 0 files in /home/ubuntu/airflow/dags
[2025-03-11T16:59:47.977+0100] {manager.py:821} INFO - Searching for files in /home/ubuntu/airflow/dags
[2025-03-11T16:59:47.982+0100] {manager.py:824} INFO - There are 0 files in /home/ubuntu/airflow/dags
[2025-03-11T17:04:48.407+0100] {manager.py:821} INFO - Searching for files in /home/ubuntu/airflow/dags
[2025-03-11T17:04:48.410+0100] {manager.py:824} INFO - There are 0 files in /home/ubuntu/airflow/dags
[2025-03-11T17:09:49.152+0100] {manager.py:821} INFO - Searching for files in /home/ubuntu/airflow/dags
[2025-03-11T17:09:49.154+0100] {manager.py:824} INFO - There are 0 files in /home/ubuntu/airflow/dags
[2025-03-11T17:14:49.881+0100] {manager.py:821} INFO - Searching for files in /home/ubuntu/airflow/dags
[2025-03-11T17:14:49.883+0100] {manager.py:824} INFO - There are 0 files in /home/ubuntu/airflow/dags
[2025-03-11T17:19:50.740+0100] {manager.py:821} INFO - Searching for files in /home/ubuntu/airflow/dags
[2025-03-11T17:19:50.742+0100] {manager.py:824} INFO - There are 0 files in /home/ubuntu/airflow/dags
[2025-03-11T17:24:51.246+0100] {manager.py:821} INFO - Searching for files in /home/ubuntu/airflow/dags
[2025-03-11T17:24:51.248+0100] {manager.py:824} INFO - There are 0 files in /home/ubuntu/airflow/dags
[2025-03-11T17:29:52.048+0100] {manager.py:821} INFO - Searching for files in /home/ubuntu/airflow/dags
[2025-03-11T17:29:52.050+0100] {manager.py:824} INFO - There are 0 files in /home/ubuntu/airflow/dags
[2025-03-11T17:34:52.918+0100] {manager.py:821} INFO - Searching for files in /home/ubuntu/airflow/dags
[2025-03-11T17:34:52.920+0100] {manager.py:824} INFO - There are 0 files in /home/ubuntu/airflow/dags
[2025-03-11T17:39:53.240+0100] {manager.py:821} INFO - Searching for files in /home/ubuntu/airflow/dags
[2025-03-11T17:39:53.244+0100] {manager.py:824} INFO - There are 0 files in /home/ubuntu/airflow/dags
[2025-03-11T17:44:53.485+0100] {manager.py:821} INFO - Searching for files in /home/ubuntu/airflow/dags
[2025-03-11T17:44:53.488+0100] {manager.py:824} INFO - There are 0 files in /home/ubuntu/airflow/dags
[2025-03-11T17:49:53.568+0100] {manager.py:821} INFO - Searching for files in /home/ubuntu/airflow/dags
[2025-03-11T17:49:53.568+0100] {manager.py:824} INFO - There are 0 files in /home/ubuntu/airflow/dags
[2025-03-11T17:54:54.411+0100] {manager.py:821} INFO - Searching for files in /home/ubuntu/airflow/dags
[2025-03-11T17:54:54.412+0100] {manager.py:824} INFO - There are 0 files in /home/ubuntu/airflow/dags
[2025-03-11T17:59:54.416+0100] {manager.py:821} INFO - Searching for files in /home/ubuntu/airflow/dags
[2025-03-11T17:59:54.417+0100] {manager.py:824} INFO - There are 0 files in /home/ubuntu/airflow/dags
[2025-03-11T18:04:55.075+0100] {manager.py:821} INFO - Searching for files in /home/ubuntu/airflow/dags
[2025-03-11T18:04:55.076+0100] {manager.py:824} INFO - There are 0 files in /home/ubuntu/airflow/dags
[2025-03-11T18:09:55.212+0100] {manager.py:821} INFO - Searching for files in /home/ubuntu/airflow/dags
[2025-03-11T18:09:55.213+0100] {manager.py:824} INFO - There are 0 files in /home/ubuntu/airflow/dags
[2025-03-11T18:14:56.157+0100] {manager.py:821} INFO - Searching for files in /home/ubuntu/airflow/dags
[2025-03-11T18:14:56.159+0100] {manager.py:824} INFO - There are 0 files in /home/ubuntu/airflow/dags
[2025-03-11T18:19:57.082+0100] {manager.py:821} INFO - Searching for files in /home/ubuntu/airflow/dags
[2025-03-11T18:19:57.082+0100] {manager.py:824} INFO - There are 0 files in /home/ubuntu/airflow/dags
[2025-03-11T18:24:57.860+0100] {manager.py:821} INFO - Searching for files in /home/ubuntu/airflow/dags
[2025-03-11T18:24:57.861+0100] {manager.py:824} INFO - There are 0 files in /home/ubuntu/airflow/dags
[2025-03-11T18:29:58.784+0100] {manager.py:821} INFO - Searching for files in /home/ubuntu/airflow/dags
[2025-03-11T18:29:58.785+0100] {manager.py:824} INFO - There are 0 files in /home/ubuntu/airflow/dags
[2025-03-11T18:34:59.625+0100] {manager.py:821} INFO - Searching for files in /home/ubuntu/airflow/dags
[2025-03-11T18:34:59.625+0100] {manager.py:824} INFO - There are 0 files in /home/ubuntu/airflow/dags
[2025-03-11T18:40:00.266+0100] {manager.py:821} INFO - Searching for files in /home/ubuntu/airflow/dags
[2025-03-11T18:40:00.267+0100] {manager.py:824} INFO - There are 0 files in /home/ubuntu/airflow/dags
[2025-03-11T18:45:00.679+0100] {manager.py:821} INFO - Searching for files in /home/ubuntu/airflow/dags
[2025-03-11T18:45:00.680+0100] {manager.py:824} INFO - There are 0 files in /home/ubuntu/airflow/dags
[2025-03-11T18:50:00.832+0100] {manager.py:821} INFO - Searching for files in /home/ubuntu/airflow/dags
[2025-03-11T18:50:00.833+0100] {manager.py:824} INFO - There are 0 files in /home/ubuntu/airflow/dags
[2025-03-11T18:55:00.837+0100] {manager.py:821} INFO - Searching for files in /home/ubuntu/airflow/dags
[2025-03-11T18:55:00.840+0100] {manager.py:824} INFO - There are 0 files in /home/ubuntu/airflow/dags
[2025-03-11T19:00:01.303+0100] {manager.py:821} INFO - Searching for files in /home/ubuntu/airflow/dags
[2025-03-11T19:00:01.305+0100] {manager.py:824} INFO - There are 0 files in /home/ubuntu/airflow/dags
[2025-03-11T21:09:02.877+0100] {manager.py:821} INFO - Searching for files in /home/ubuntu/airflow/dags
[2025-03-11T21:09:02.914+0100] {manager.py:824} INFO - There are 0 files in /home/ubuntu/airflow/dags
[2025-03-11T21:14:03.171+0100] {manager.py:821} INFO - Searching for files in /home/ubuntu/airflow/dags
[2025-03-11T21:14:03.173+0100] {manager.py:824} INFO - There are 0 files in /home/ubuntu/airflow/dags
[2025-03-11T21:19:03.315+0100] {manager.py:821} INFO - Searching for files in /home/ubuntu/airflow/dags
[2025-03-11T21:19:03.316+0100] {manager.py:824} INFO - There are 0 files in /home/ubuntu/airflow/dags
[2025-03-11T21:24:03.568+0100] {manager.py:821} INFO - Searching for files in /home/ubuntu/airflow/dags
[2025-03-11T21:24:03.570+0100] {manager.py:824} INFO - There are 0 files in /home/ubuntu/airflow/dags
[2025-03-11T21:29:04.225+0100] {manager.py:821} INFO - Searching for files in /home/ubuntu/airflow/dags
[2025-03-11T21:29:04.226+0100] {manager.py:824} INFO - There are 0 files in /home/ubuntu/airflow/dags
[2025-03-11T21:34:04.592+0100] {manager.py:821} INFO - Searching for files in /home/ubuntu/airflow/dags
[2025-03-11T21:34:04.593+0100] {manager.py:824} INFO - There are 0 files in /home/ubuntu/airflow/dags
[2025-03-11T21:39:04.752+0100] {manager.py:821} INFO - Searching for files in /home/ubuntu/airflow/dags
[2025-03-11T21:39:04.753+0100] {manager.py:824} INFO - There are 0 files in /home/ubuntu/airflow/dags
[2025-03-11T21:44:04.920+0100] {manager.py:821} INFO - Searching for files in /home/ubuntu/airflow/dags
[2025-03-11T21:44:04.924+0100] {manager.py:824} INFO - There are 0 files in /home/ubuntu/airflow/dags
[2025-03-11T21:49:05.473+0100] {manager.py:821} INFO - Searching for files in /home/ubuntu/airflow/dags
[2025-03-11T21:49:05.473+0100] {manager.py:824} INFO - There are 0 files in /home/ubuntu/airflow/dags
[2025-03-11T21:54:05.912+0100] {manager.py:821} INFO - Searching for files in /home/ubuntu/airflow/dags
[2025-03-11T21:54:05.912+0100] {manager.py:824} INFO - There are 0 files in /home/ubuntu/airflow/dags
[2025-03-11T21:59:06.330+0100] {manager.py:821} INFO - Searching for files in /home/ubuntu/airflow/dags
[2025-03-11T21:59:06.331+0100] {manager.py:824} INFO - There are 0 files in /home/ubuntu/airflow/dags
[2025-03-11T22:04:06.764+0100] {manager.py:821} INFO - Searching for files in /home/ubuntu/airflow/dags
[2025-03-11T22:04:06.766+0100] {manager.py:824} INFO - There are 0 files in /home/ubuntu/airflow/dags
[2025-03-11T22:09:06.919+0100] {manager.py:821} INFO - Searching for files in /home/ubuntu/airflow/dags
[2025-03-11T22:09:06.919+0100] {manager.py:824} INFO - There are 0 files in /home/ubuntu/airflow/dags
[2025-03-11T22:14:07.011+0100] {manager.py:821} INFO - Searching for files in /home/ubuntu/airflow/dags
[2025-03-11T22:14:07.017+0100] {manager.py:824} INFO - There are 0 files in /home/ubuntu/airflow/dags
[2025-03-11T22:19:07.081+0100] {manager.py:821} INFO - Searching for files in /home/ubuntu/airflow/dags
[2025-03-11T22:19:07.083+0100] {manager.py:824} INFO - There are 0 files in /home/ubuntu/airflow/dags
[2025-03-11T22:24:07.223+0100] {manager.py:821} INFO - Searching for files in /home/ubuntu/airflow/dags
[2025-03-11T22:24:07.229+0100] {manager.py:824} INFO - There are 0 files in /home/ubuntu/airflow/dags
[2025-03-11T22:29:07.379+0100] {manager.py:821} INFO - Searching for files in /home/ubuntu/airflow/dags
[2025-03-11T22:29:07.380+0100] {manager.py:824} INFO - There are 0 files in /home/ubuntu/airflow/dags
[2025-03-11T22:34:07.467+0100] {manager.py:821} INFO - Searching for files in /home/ubuntu/airflow/dags
[2025-03-11T22:34:07.468+0100] {manager.py:824} INFO - There are 0 files in /home/ubuntu/airflow/dags
[2025-03-11T22:39:07.793+0100] {manager.py:821} INFO - Searching for files in /home/ubuntu/airflow/dags
[2025-03-11T22:39:07.796+0100] {manager.py:824} INFO - There are 0 files in /home/ubuntu/airflow/dags
[2025-03-11T22:44:08.254+0100] {manager.py:821} INFO - Searching for files in /home/ubuntu/airflow/dags
[2025-03-11T22:44:08.256+0100] {manager.py:824} INFO - There are 0 files in /home/ubuntu/airflow/dags
[2025-03-11T22:49:08.382+0100] {manager.py:821} INFO - Searching for files in /home/ubuntu/airflow/dags
[2025-03-11T22:49:08.383+0100] {manager.py:824} INFO - There are 0 files in /home/ubuntu/airflow/dags
[2025-03-11T22:54:08.727+0100] {manager.py:821} INFO - Searching for files in /home/ubuntu/airflow/dags
[2025-03-11T22:54:08.728+0100] {manager.py:824} INFO - There are 0 files in /home/ubuntu/airflow/dags
[2025-03-11T22:59:09.182+0100] {manager.py:821} INFO - Searching for files in /home/ubuntu/airflow/dags
[2025-03-11T22:59:09.183+0100] {manager.py:824} INFO - There are 0 files in /home/ubuntu/airflow/dags
[2025-03-11T23:04:09.636+0100] {manager.py:821} INFO - Searching for files in /home/ubuntu/airflow/dags
[2025-03-11T23:04:09.638+0100] {manager.py:824} INFO - There are 0 files in /home/ubuntu/airflow/dags
[2025-03-11T23:09:10.128+0100] {manager.py:821} INFO - Searching for files in /home/ubuntu/airflow/dags
[2025-03-11T23:09:10.132+0100] {manager.py:824} INFO - There are 0 files in /home/ubuntu/airflow/dags
[2025-03-11T23:14:10.507+0100] {manager.py:821} INFO - Searching for files in /home/ubuntu/airflow/dags
[2025-03-11T23:14:10.507+0100] {manager.py:824} INFO - There are 0 files in /home/ubuntu/airflow/dags
[2025-03-11T23:19:11.188+0100] {manager.py:821} INFO - Searching for files in /home/ubuntu/airflow/dags
[2025-03-11T23:19:11.189+0100] {manager.py:824} INFO - There are 0 files in /home/ubuntu/airflow/dags
[2025-03-11T23:24:11.933+0100] {manager.py:821} INFO - Searching for files in /home/ubuntu/airflow/dags
[2025-03-11T23:24:11.934+0100] {manager.py:824} INFO - There are 0 files in /home/ubuntu/airflow/dags
[2025-03-11T23:29:12.666+0100] {manager.py:821} INFO - Searching for files in /home/ubuntu/airflow/dags
[2025-03-11T23:29:12.667+0100] {manager.py:824} INFO - There are 0 files in /home/ubuntu/airflow/dags
[2025-03-11T23:34:13.617+0100] {manager.py:821} INFO - Searching for files in /home/ubuntu/airflow/dags
[2025-03-11T23:34:13.619+0100] {manager.py:824} INFO - There are 0 files in /home/ubuntu/airflow/dags
[2025-03-11T23:39:14.509+0100] {manager.py:821} INFO - Searching for files in /home/ubuntu/airflow/dags
[2025-03-11T23:39:14.510+0100] {manager.py:824} INFO - There are 0 files in /home/ubuntu/airflow/dags
[2025-03-11T23:44:14.511+0100] {manager.py:821} INFO - Searching for files in /home/ubuntu/airflow/dags
[2025-03-11T23:44:14.513+0100] {manager.py:824} INFO - There are 0 files in /home/ubuntu/airflow/dags
[2025-03-11T23:49:15.468+0100] {manager.py:821} INFO - Searching for files in /home/ubuntu/airflow/dags
[2025-03-11T23:49:15.470+0100] {manager.py:824} INFO - There are 0 files in /home/ubuntu/airflow/dags
[2025-03-11T23:54:15.572+0100] {manager.py:821} INFO - Searching for files in /home/ubuntu/airflow/dags
[2025-03-11T23:54:15.574+0100] {manager.py:824} INFO - There are 0 files in /home/ubuntu/airflow/dags
[2025-03-11T23:59:15.733+0100] {manager.py:821} INFO - Searching for files in /home/ubuntu/airflow/dags
[2025-03-11T23:59:15.734+0100] {manager.py:824} INFO - There are 0 files in /home/ubuntu/airflow/dags
[2025-03-12T00:04:15.838+0100] {manager.py:821} INFO - Searching for files in /home/ubuntu/airflow/dags
[2025-03-12T00:04:15.840+0100] {manager.py:824} INFO - There are 0 files in /home/ubuntu/airflow/dags
[2025-03-12T08:39:47.368+0100] {manager.py:821} INFO - Searching for files in /home/ubuntu/airflow/dags
[2025-03-12T08:39:47.369+0100] {manager.py:824} INFO - There are 0 files in /home/ubuntu/airflow/dags
[2025-03-12T08:44:48.297+0100] {manager.py:821} INFO - Searching for files in /home/ubuntu/airflow/dags
[2025-03-12T08:44:48.301+0100] {manager.py:824} INFO - There are 0 files in /home/ubuntu/airflow/dags
[2025-03-16T08:24:30.111+0100] {manager.py:483} INFO - Processing files using up to 2 processes at a time 
[2025-03-16T08:24:30.112+0100] {manager.py:484} INFO - Process each file at most once every 30 seconds
[2025-03-16T08:24:30.112+0100] {manager.py:485} INFO - Checking for new files in /home/ubuntu/airflow/dags every 300 seconds
[2025-03-16T08:24:30.113+0100] {manager.py:821} INFO - Searching for files in /home/ubuntu/airflow/dags
[2025-03-16T08:24:30.113+0100] {manager.py:824} INFO - There are 0 files in /home/ubuntu/airflow/dags
[2025-03-16T08:29:30.919+0100] {manager.py:821} INFO - Searching for files in /home/ubuntu/airflow/dags
[2025-03-16T08:29:30.923+0100] {manager.py:824} INFO - There are 0 files in /home/ubuntu/airflow/dags
[2025-03-16T08:34:31.597+0100] {manager.py:821} INFO - Searching for files in /home/ubuntu/airflow/dags
[2025-03-16T08:34:31.598+0100] {manager.py:824} INFO - There are 0 files in /home/ubuntu/airflow/dags
[2025-03-16T08:39:32.359+0100] {manager.py:821} INFO - Searching for files in /home/ubuntu/airflow/dags
[2025-03-16T08:39:32.361+0100] {manager.py:824} INFO - There are 0 files in /home/ubuntu/airflow/dags
[2025-03-16T08:44:33.033+0100] {manager.py:821} INFO - Searching for files in /home/ubuntu/airflow/dags
[2025-03-16T08:44:33.035+0100] {manager.py:824} INFO - There are 0 files in /home/ubuntu/airflow/dags
[2025-03-16T08:49:33.899+0100] {manager.py:821} INFO - Searching for files in /home/ubuntu/airflow/dags
[2025-03-16T08:49:33.901+0100] {manager.py:824} INFO - There are 0 files in /home/ubuntu/airflow/dags
[2025-03-16T08:54:34.615+0100] {manager.py:821} INFO - Searching for files in /home/ubuntu/airflow/dags
[2025-03-16T08:54:34.618+0100] {manager.py:824} INFO - There are 0 files in /home/ubuntu/airflow/dags
[2025-03-16T08:59:34.914+0100] {manager.py:821} INFO - Searching for files in /home/ubuntu/airflow/dags
[2025-03-16T08:59:34.916+0100] {manager.py:824} INFO - There are 0 files in /home/ubuntu/airflow/dags
[2025-03-16T09:04:35.119+0100] {manager.py:821} INFO - Searching for files in /home/ubuntu/airflow/dags
[2025-03-16T09:04:35.121+0100] {manager.py:824} INFO - There are 0 files in /home/ubuntu/airflow/dags
[2025-03-16T09:09:35.399+0100] {manager.py:821} INFO - Searching for files in /home/ubuntu/airflow/dags
[2025-03-16T09:09:35.401+0100] {manager.py:824} INFO - There are 0 files in /home/ubuntu/airflow/dags
[2025-03-16T09:14:35.552+0100] {manager.py:821} INFO - Searching for files in /home/ubuntu/airflow/dags
[2025-03-16T09:14:35.555+0100] {manager.py:824} INFO - There are 0 files in /home/ubuntu/airflow/dags
[2025-03-16T09:19:35.780+0100] {manager.py:821} INFO - Searching for files in /home/ubuntu/airflow/dags
[2025-03-16T09:19:35.782+0100] {manager.py:824} INFO - There are 0 files in /home/ubuntu/airflow/dags
[2025-03-16T09:24:36.374+0100] {manager.py:821} INFO - Searching for files in /home/ubuntu/airflow/dags
[2025-03-16T09:24:36.376+0100] {manager.py:824} INFO - There are 0 files in /home/ubuntu/airflow/dags
[2025-03-16T09:29:37.275+0100] {manager.py:821} INFO - Searching for files in /home/ubuntu/airflow/dags
[2025-03-16T09:29:37.277+0100] {manager.py:824} INFO - There are 0 files in /home/ubuntu/airflow/dags
[2025-03-16T09:34:38.068+0100] {manager.py:821} INFO - Searching for files in /home/ubuntu/airflow/dags
[2025-03-16T09:34:38.069+0100] {manager.py:824} INFO - There are 0 files in /home/ubuntu/airflow/dags
[2025-03-16T09:39:38.464+0100] {manager.py:821} INFO - Searching for files in /home/ubuntu/airflow/dags
[2025-03-16T09:39:38.465+0100] {manager.py:824} INFO - There are 0 files in /home/ubuntu/airflow/dags
[2025-03-16T09:44:38.509+0100] {manager.py:821} INFO - Searching for files in /home/ubuntu/airflow/dags
[2025-03-16T09:44:38.511+0100] {manager.py:824} INFO - There are 0 files in /home/ubuntu/airflow/dags
[2025-03-16T09:49:39.347+0100] {manager.py:821} INFO - Searching for files in /home/ubuntu/airflow/dags
[2025-03-16T09:49:39.347+0100] {manager.py:824} INFO - There are 0 files in /home/ubuntu/airflow/dags
[2025-03-16T09:54:40.250+0100] {manager.py:821} INFO - Searching for files in /home/ubuntu/airflow/dags
[2025-03-16T09:54:40.252+0100] {manager.py:824} INFO - There are 0 files in /home/ubuntu/airflow/dags
[2025-03-16T09:59:41.128+0100] {manager.py:821} INFO - Searching for files in /home/ubuntu/airflow/dags
[2025-03-16T09:59:41.130+0100] {manager.py:824} INFO - There are 0 files in /home/ubuntu/airflow/dags
[2025-03-16T10:04:41.204+0100] {manager.py:821} INFO - Searching for files in /home/ubuntu/airflow/dags
[2025-03-16T10:04:41.205+0100] {manager.py:824} INFO - There are 0 files in /home/ubuntu/airflow/dags
[2025-03-16T10:09:41.453+0100] {manager.py:821} INFO - Searching for files in /home/ubuntu/airflow/dags
[2025-03-16T10:09:41.455+0100] {manager.py:824} INFO - There are 0 files in /home/ubuntu/airflow/dags
[2025-03-23T20:50:48.291+0100] {manager.py:483} INFO - Processing files using up to 2 processes at a time 
[2025-03-23T20:50:48.292+0100] {manager.py:484} INFO - Process each file at most once every 30 seconds
[2025-03-23T20:50:48.293+0100] {manager.py:485} INFO - Checking for new files in /home/ubuntu/airflow/dags every 300 seconds
[2025-03-23T20:50:48.293+0100] {manager.py:821} INFO - Searching for files in /home/ubuntu/airflow/dags
[2025-03-23T20:50:48.294+0100] {manager.py:824} INFO - There are 0 files in /home/ubuntu/airflow/dags
[2025-03-23T20:55:49.187+0100] {manager.py:821} INFO - Searching for files in /home/ubuntu/airflow/dags
[2025-03-23T20:55:49.190+0100] {manager.py:824} INFO - There are 0 files in /home/ubuntu/airflow/dags
[2025-03-23T21:00:50.036+0100] {manager.py:821} INFO - Searching for files in /home/ubuntu/airflow/dags
[2025-03-23T21:00:50.039+0100] {manager.py:824} INFO - There are 0 files in /home/ubuntu/airflow/dags
[2025-03-23T21:05:50.898+0100] {manager.py:821} INFO - Searching for files in /home/ubuntu/airflow/dags
[2025-03-23T21:05:50.902+0100] {manager.py:824} INFO - There are 0 files in /home/ubuntu/airflow/dags
[2025-03-23T21:10:50.985+0100] {manager.py:821} INFO - Searching for files in /home/ubuntu/airflow/dags
[2025-03-23T21:10:50.989+0100] {manager.py:824} INFO - There are 0 files in /home/ubuntu/airflow/dags
[2025-03-23T21:15:51.917+0100] {manager.py:821} INFO - Searching for files in /home/ubuntu/airflow/dags
[2025-03-23T21:15:51.920+0100] {manager.py:824} INFO - There are 0 files in /home/ubuntu/airflow/dags
[2025-03-23T21:20:51.991+0100] {manager.py:821} INFO - Searching for files in /home/ubuntu/airflow/dags
[2025-03-23T21:20:51.995+0100] {manager.py:824} INFO - There are 0 files in /home/ubuntu/airflow/dags
[2025-03-23T21:25:52.004+0100] {manager.py:821} INFO - Searching for files in /home/ubuntu/airflow/dags
[2025-03-23T21:25:52.005+0100] {manager.py:824} INFO - There are 0 files in /home/ubuntu/airflow/dags
[2025-03-23T21:30:52.394+0100] {manager.py:821} INFO - Searching for files in /home/ubuntu/airflow/dags
[2025-03-23T21:30:52.397+0100] {manager.py:824} INFO - There are 0 files in /home/ubuntu/airflow/dags
[2025-03-23T21:35:53.076+0100] {manager.py:821} INFO - Searching for files in /home/ubuntu/airflow/dags
[2025-03-23T21:35:53.077+0100] {manager.py:824} INFO - There are 0 files in /home/ubuntu/airflow/dags
[2025-03-23T21:40:53.257+0100] {manager.py:821} INFO - Searching for files in /home/ubuntu/airflow/dags
[2025-03-23T21:40:53.258+0100] {manager.py:824} INFO - There are 0 files in /home/ubuntu/airflow/dags
[2025-03-23T21:45:53.397+0100] {manager.py:821} INFO - Searching for files in /home/ubuntu/airflow/dags
[2025-03-23T21:45:53.398+0100] {manager.py:824} INFO - There are 0 files in /home/ubuntu/airflow/dags
[2025-03-23T21:50:53.634+0100] {manager.py:821} INFO - Searching for files in /home/ubuntu/airflow/dags
[2025-03-23T21:50:53.635+0100] {manager.py:824} INFO - There are 0 files in /home/ubuntu/airflow/dags
[2025-03-23T21:55:54.159+0100] {manager.py:821} INFO - Searching for files in /home/ubuntu/airflow/dags
[2025-03-23T21:55:54.160+0100] {manager.py:824} INFO - There are 0 files in /home/ubuntu/airflow/dags
[2025-03-23T22:00:54.801+0100] {manager.py:821} INFO - Searching for files in /home/ubuntu/airflow/dags
[2025-03-23T22:00:54.805+0100] {manager.py:824} INFO - There are 0 files in /home/ubuntu/airflow/dags
[2025-03-23T22:05:55.435+0100] {manager.py:821} INFO - Searching for files in /home/ubuntu/airflow/dags
[2025-03-23T22:05:55.436+0100] {manager.py:824} INFO - There are 0 files in /home/ubuntu/airflow/dags
[2025-03-23T22:10:56.358+0100] {manager.py:821} INFO - Searching for files in /home/ubuntu/airflow/dags
[2025-03-23T22:10:56.363+0100] {manager.py:824} INFO - There are 0 files in /home/ubuntu/airflow/dags
[2025-03-23T22:15:57.184+0100] {manager.py:821} INFO - Searching for files in /home/ubuntu/airflow/dags
[2025-03-23T22:15:57.187+0100] {manager.py:824} INFO - There are 0 files in /home/ubuntu/airflow/dags
[2025-03-23T22:20:57.968+0100] {manager.py:821} INFO - Searching for files in /home/ubuntu/airflow/dags
[2025-03-23T22:20:57.971+0100] {manager.py:824} INFO - There are 0 files in /home/ubuntu/airflow/dags
[2025-03-23T22:25:58.761+0100] {manager.py:821} INFO - Searching for files in /home/ubuntu/airflow/dags
[2025-03-23T22:25:58.765+0100] {manager.py:824} INFO - There are 0 files in /home/ubuntu/airflow/dags
[2025-03-23T22:30:59.757+0100] {manager.py:821} INFO - Searching for files in /home/ubuntu/airflow/dags
[2025-03-23T22:30:59.758+0100] {manager.py:824} INFO - There are 0 files in /home/ubuntu/airflow/dags
[2025-03-23T22:36:00.491+0100] {manager.py:821} INFO - Searching for files in /home/ubuntu/airflow/dags
[2025-03-23T22:36:00.495+0100] {manager.py:824} INFO - There are 0 files in /home/ubuntu/airflow/dags
[2025-03-23T22:41:01.490+0100] {manager.py:821} INFO - Searching for files in /home/ubuntu/airflow/dags
[2025-03-23T22:41:01.492+0100] {manager.py:824} INFO - There are 0 files in /home/ubuntu/airflow/dags
[2025-03-23T22:46:02.251+0100] {manager.py:821} INFO - Searching for files in /home/ubuntu/airflow/dags
[2025-03-23T22:46:02.254+0100] {manager.py:824} INFO - There are 0 files in /home/ubuntu/airflow/dags
[2025-03-23T22:51:02.257+0100] {manager.py:821} INFO - Searching for files in /home/ubuntu/airflow/dags
[2025-03-23T22:51:02.260+0100] {manager.py:824} INFO - There are 0 files in /home/ubuntu/airflow/dags
[2025-03-23T22:56:03.183+0100] {manager.py:821} INFO - Searching for files in /home/ubuntu/airflow/dags
[2025-03-23T22:56:03.184+0100] {manager.py:824} INFO - There are 0 files in /home/ubuntu/airflow/dags
[2025-03-23T23:01:04.026+0100] {manager.py:821} INFO - Searching for files in /home/ubuntu/airflow/dags
[2025-03-23T23:01:04.029+0100] {manager.py:824} INFO - There are 0 files in /home/ubuntu/airflow/dags
[2025-03-23T23:06:04.466+0100] {manager.py:821} INFO - Searching for files in /home/ubuntu/airflow/dags
[2025-03-23T23:06:04.469+0100] {manager.py:824} INFO - There are 0 files in /home/ubuntu/airflow/dags
[2025-03-23T23:11:05.005+0100] {manager.py:821} INFO - Searching for files in /home/ubuntu/airflow/dags
[2025-03-23T23:11:05.007+0100] {manager.py:824} INFO - There are 0 files in /home/ubuntu/airflow/dags
